<?xml version="1.0" encoding="UTF-8" ?>
<testsuites disabled="0" errors="0" failures="0" tests="7" time="72.985">
 <testsuite name="Автотест на логин" timestamp="2020-02-10T11:30:52" hostname="localhost" time="18.993" errors="0" tests="2" skipped="0" disabled="0" failures="0">
  <testcase classname="Автотест на логин" name="1. URL does not contain /login. ##can_continue" time="18.779" />
  <testcase classname="Автотест на логин" name="2. menu-component is present after login attempt. ##can_continue" time="0.21" />
 </testsuite>
 <testsuite name="Автотест на создание ДПГ. " timestamp="2020-02-10T11:31:11" hostname="localhost" time="53.992" errors="0" tests="5" skipped="0" disabled="0" failures="0">
  <testcase classname="Автотест на создание ДПГ. " name="3. Переходим по URL /#/service. ##can_continue" time="7.342" />
  <testcase classname="Автотест на создание ДПГ. " name="4. В открывшейся форме списка нажимаем на кнопку Добавить запись. ##can_continue" time="3.61" />
  <testcase classname="Автотест на создание ДПГ. " name="5. В открывшемся окне заполняем поля (ДРП, Год, Описание) и создаем ДПГ. ##can_continue" time="30.061" />
  <testcase classname="Автотест на создание ДПГ. " name="6. Переходим на вкладку Наряды и убеждаемся, что в списке создался один наряд с наименованием Получение титула ремонта. ##can_continue" time="11.223" />
  <testcase classname="Автотест на создание ДПГ. " name="7 Выходим из системы" time="1.755" />
 </testsuite>
</testsuites>